#
# There is insufficient memory for the Java Runtime Environment to continue.
# Native memory allocation (malloc) failed to allocate 1048576 bytes for AllocateHeap
# Possible reasons:
#   The system is out of physical RAM or swap space
#   In 32 bit mode, the process size limit was hit
# Possible solutions:
#   Reduce memory load on the system
#   Increase physical memory or swap space
#   Check if swap backing store is full
#   Use 64 bit Java on a 64 bit OS
#   Decrease Java heap size (-Xmx/-Xms)
#   Decrease number of Java threads
#   Decrease Java thread stack sizes (-Xss)
#   Set larger code cache with -XX:ReservedCodeCacheSize=
# This output file may be truncated or incomplete.
#
#  Out of Memory Error (memory/allocation.inline.hpp:61), pid=20160, tid=0x000000000000629c
#
# JRE version:  (8.0) (build )
# Java VM: OpenJDK 64-Bit Server VM (25.71-b00 mixed mode windows-amd64 compressed oops)
# Failed to write core dump. Minidumps are not enabled by default on client versions of Windows
#

---------------  T H R E A D  ---------------

Current thread (0x0000000002553000):  JavaThread "Unknown thread" [_thread_in_vm, id=25244, stack(0x0000000002360000,0x0000000002460000)]

Stack: [0x0000000002360000,0x0000000002460000]
[error occurred during error reporting (printing stack bounds), id 0xc0000005]

Native frames: (J=compiled Java code, j=interpreted, Vv=VM code, C=native code)


---------------  P R O C E S S  ---------------

Java Threads: ( => current thread )

Other Threads:

=>0x0000000002553000 (exited) JavaThread "Unknown thread" [_thread_in_vm, id=25244, stack(0x0000000002360000,0x0000000002460000)]

VM state:not at safepoint (normal execution)

VM Mutex/Monitor currently owned by a thread: None

Heap:
 PSYoungGen      total 76288K, used 1310K [0x000000076ae00000, 0x0000000770300000, 0x00000007c0000000)
  eden space 65536K, 2% used [0x000000076ae00000,0x000000076af47af0,0x000000076ee00000)
  from space 10752K, 0% used [0x000000076f880000,0x000000076f880000,0x0000000770300000)
  to   space 10752K, 0% used [0x000000076ee00000,0x000000076ee00000,0x000000076f880000)
 ParOldGen       total 175104K, used 0K [0x00000006c0a00000, 0x00000006cb500000, 0x000000076ae00000)
  object space 175104K, 0% used [0x00000006c0a00000,0x00000006c0a00000,0x00000006cb500000)
 Metaspace       used 777K, capacity 4480K, committed 4480K, reserved 1056768K
  class space    used 74K, capacity 384K, committed 384K, reserved 1048576K

Card table byte_map: [0x0000000011a10000,0x0000000012210000] byte_map_base: 0x000000000e40b000

Marking Bits: (ParMarkBitMap*) 0x000000007431be50
 Begin Bits: [0x0000000013170000, 0x0000000017148000)
 End Bits:   [0x0000000017148000, 0x000000001b120000)

Polling page: 0x00000000001f0000

CodeCache: size=245760Kb used=327Kb max_used=327Kb free=245432Kb
 bounds [0x0000000002650000, 0x00000000028c0000, 0x0000000011650000]
 total_blobs=56 nmethods=0 adapters=38
 compilation: enabled

Compilation events (0 events):
No events

GC Heap History (0 events):
No events

Deoptimization events (0 events):
No events

Classes redefined (0 events):
No events

Internal exceptions (0 events):
No events

Events (10 events):
Event: 0.018 loading class java/lang/Short
Event: 0.018 loading class java/lang/Short done
Event: 0.019 loading class java/lang/Integer
Event: 0.019 loading class java/lang/Integer done
Event: 0.019 loading class java/lang/Long
Event: 0.019 loading class java/lang/Long done
Event: 0.019 loading class java/lang/NullPointerException
Event: 0.019 loading class java/lang/NullPointerException done
Event: 0.019 loading class java/lang/ArithmeticException
Event: 0.019 loading class java/lang/ArithmeticException done


Dynamic libraries:
0x00007ff786a00000 - 0x00007ff786a35000 	C:\Program Files\Unity\Hub\Editor\2020.1.0f1\Editor\Data\PlaybackEngines\AndroidPlayer\OpenJDK\bin\java.exe
0x00007ffc8eac0000 - 0x00007ffc8ecb0000 	C:\WINDOWS\SYSTEM32\ntdll.dll
0x00007ffc8d3c0000 - 0x00007ffc8d472000 	C:\WINDOWS\System32\KERNEL32.DLL
0x00007ffc8c460000 - 0x00007ffc8c705000 	C:\WINDOWS\System32\KERNELBASE.dll
0x00007ffc8e140000 - 0x00007ffc8e1e3000 	C:\WINDOWS\System32\ADVAPI32.dll
0x00007ffc8ceb0000 - 0x00007ffc8cf4e000 	C:\WINDOWS\System32\msvcrt.dll
0x00007ffc8d5a0000 - 0x00007ffc8d637000 	C:\WINDOWS\System32\sechost.dll
0x00007ffc8e010000 - 0x00007ffc8e130000 	C:\WINDOWS\System32\RPCRT4.dll
0x00007ffc8e4e0000 - 0x00007ffc8e675000 	C:\WINDOWS\System32\USER32.dll
0x00007ffc8c430000 - 0x00007ffc8c451000 	C:\WINDOWS\System32\win32u.dll
0x00007ffc8d570000 - 0x00007ffc8d596000 	C:\WINDOWS\System32\GDI32.dll
0x00007ffc8c9d0000 - 0x00007ffc8cb66000 	C:\WINDOWS\System32\gdi32full.dll
0x00007ffc8c930000 - 0x00007ffc8c9ce000 	C:\WINDOWS\System32\msvcp_win.dll
0x00007ffc8c330000 - 0x00007ffc8c42a000 	C:\WINDOWS\System32\ucrtbase.dll
0x00007ffc81b90000 - 0x00007ffc81e14000 	C:\WINDOWS\WinSxS\amd64_microsoft.windows.common-controls_6595b64144ccf1df_6.0.18362.1082_none_9e8193e1e45b25c1\COMCTL32.dll
0x00007ffc8e680000 - 0x00007ffc8e9b5000 	C:\WINDOWS\System32\combase.dll
0x00007ffc8bb30000 - 0x00007ffc8bbb0000 	C:\WINDOWS\System32\bcryptPrimitives.dll
0x00007ffc8e360000 - 0x00007ffc8e38e000 	C:\WINDOWS\System32\IMM32.DLL
0x00000000743a0000 - 0x0000000074472000 	C:\Program Files\Unity\Hub\Editor\2020.1.0f1\Editor\Data\PlaybackEngines\AndroidPlayer\OpenJDK\jre\bin\msvcr100.dll
0x0000000073b50000 - 0x0000000074399000 	C:\Program Files\Unity\Hub\Editor\2020.1.0f1\Editor\Data\PlaybackEngines\AndroidPlayer\OpenJDK\jre\bin\server\jvm.dll
0x00007ffc8e130000 - 0x00007ffc8e138000 	C:\WINDOWS\System32\PSAPI.DLL
0x00007ffc7eed0000 - 0x00007ffc7eed9000 	C:\WINDOWS\SYSTEM32\WSOCK32.dll
0x00007ffc87070000 - 0x00007ffc8707a000 	C:\WINDOWS\SYSTEM32\VERSION.dll
0x00007ffc8de00000 - 0x00007ffc8de6f000 	C:\WINDOWS\System32\WS2_32.dll
0x00007ffc7f730000 - 0x00007ffc7f754000 	C:\WINDOWS\SYSTEM32\WINMM.dll
0x00007ffc7f3a0000 - 0x00007ffc7f3cd000 	C:\WINDOWS\SYSTEM32\winmmbase.dll
0x00007ffc8c8c0000 - 0x00007ffc8c90a000 	C:\WINDOWS\System32\cfgmgr32.dll
0x00007ffc872f0000 - 0x00007ffc872ff000 	C:\Program Files\Unity\Hub\Editor\2020.1.0f1\Editor\Data\PlaybackEngines\AndroidPlayer\OpenJDK\jre\bin\verify.dll
0x00007ffc69a60000 - 0x00007ffc69a89000 	C:\Program Files\Unity\Hub\Editor\2020.1.0f1\Editor\Data\PlaybackEngines\AndroidPlayer\OpenJDK\jre\bin\java.dll
0x00007ffc84bb0000 - 0x00007ffc84bc6000 	C:\Program Files\Unity\Hub\Editor\2020.1.0f1\Editor\Data\PlaybackEngines\AndroidPlayer\OpenJDK\jre\bin\zip.dll

VM Arguments:
jvm_args: -Dfile.encoding=UTF-8 
java_command: <unknown>
java_class_path (initial): .
Launcher Type: SUN_STANDARD

Environment Variables:
JAVA_HOME=C:\Program Files\Unity\Hub\Editor\2020.1.0f1\Editor\Data\PlaybackEngines\AndroidPlayer\OpenJDK
JAVA_TOOL_OPTIONS=-Dfile.encoding=UTF-8
PATH=C:\Python38\Scripts\;C:\Python38\;C:\Program Files (x86)\Common Files\Oracle\Java\javapath;C:\ProgramData\Oracle\Java\javapath;C:\Program Files (x86)\Intel\iCLS Client\;C:\Program Files\Intel\iCLS Client\;C:\Windows\system32;C:\Windows;C:\Windows\System32\Wbem;C:\Windows\System32\WindowsPowerShell\v1.0\;C:\Program Files\Intel\Intel(R) Management Engine Components\DAL;C:\Program Files (x86)\Intel\Intel(R) Management Engine Components\DAL;C:\Program Files\Intel\Intel(R) Management Engine Components\IPT;C:\Program Files (x86)\Intel\Intel(R) Management Engine Components\IPT;C:\Program Files (x86)\ATI Technologies\ATI.ACE\Core-Static;C:\Program Files (x86)\Windows Live\Shared;C:\Program Files (x86)\Microsoft SQL Server\100\Tools\Binn\;C:\Program Files\Microsoft SQL Server\100\Tools\Binn\;C:\Program Files\Microsoft SQL Server\100\DTS\Binn\;C:\Program Files (x86)\NVIDIA Corporation\PhysX\Common;C:\Program Files (x86)\GtkSharp\2.12\bin;C:\Program Files (x86)\Microsoft SQL Server\100\Tools\Binn\VSShell\Common7\IDE\;C:\Program Files (x86)\Microsoft SQL;C:\WINDOWS\system32;C:\WINDOWS;C:\WINDOWS\System32\Wbem;C:\WINDOWS\System32\WindowsPowerShell\v1.0\;C:\WINDOWS\System32\OpenSSH\;C:\Program Files (x86)\Calibre2\;C:\Program Files (x86)\ZeroTier\One\;C:\Program Files\NVIDIA Corporation\NVIDIA NvDLISR;C:\Program Files\dotnet\;C:\WINDOWS\system32;C:\WINDOWS;C:\WINDOWS\System32\Wbem;C:\WINDOWS\System32\WindowsPowerShell\v1.0\;C:\WINDOWS\System32\OpenSSH\;C:\Program Files\Process Lasso\;C:\Program Files\nodejs\;C:\ProgramData\chocolatey\bin;D:\programs\Fiddler;C:\Users\commandercluck\AppData\Local\Microsoft\WindowsApps;C:\Program Files\Java\jre1.8.0_201\bin;D:\apks\Minimal ADB and Fastboot;C:\Users\commandercluck\.dotnet\tools;C:\Users\commandercluck\AppData\Local\Microsoft\WindowsApps;C:\Users\commandercluck\AppData\Roaming\npm;D:\programs\Microsoft VS Code\bin;C:\Users\commandercluck\AppData\Local\GitHubDesktop\bin
USERNAME=commandercluck
OS=Windows_NT
PROCESSOR_IDENTIFIER=AMD64 Family 23 Model 1 Stepping 1, AuthenticAMD



---------------  S Y S T E M  ---------------

OS: Windows 10.0 , 64 bit Build 18362 (10.0.18362.1082)

CPU:total 12 (initial active 12) (12 cores per cpu, 1 threads per core) family 23 model 1 stepping 1, cmov, cx8, fxsr, mmx, sse, sse2, sse3, ssse3, sse4.1, sse4.2, popcnt, avx, avx2, aes, clmul, mmxext, 3dnowpref, lzcnt, sse4a, tsc, tscinvbit, tscinv, bmi1

Memory: 4k page, physical 16728540k(906224k free), swap 22552644k(5460k free)

vm_info: OpenJDK 64-Bit Server VM (25.71-b00) for windows-amd64 JRE (1.8.0-adoptopenjdk-_2018_05_19_00_59-b00), built on May 19 2018 01:02:12 by "jenkins" with MS VC++ 10.0 (VS2010)

time: Fri Sep 18 11:52:42 2020
elapsed time: 0 seconds (0d 0h 0m 0s)

